2025-10-15 18:48:07,144 - INFO - Бот запущен.
2025-10-15 18:48:18,561 - INFO - Пользователь Inexis (ID: 7132674521) вызвал /start
2025-10-15 18:50:07,770 - INFO - Пользователь Inexis (ID: 7132674521) вызвал /start
2025-10-15 22:11:34,389 - INFO - Пользователь Inexis (ID: 7132674521) вызвал /start
2025-10-16 18:19:53,639 - INFO - Бот запущен.
2025-10-16 18:19:53,993 - INFO - Пользователь Inexis (ID: 7132674521) вызвал /start
2025-10-16 18:20:49,579 - INFO - Перевод: 'Привет, как дела?' -> 'Hi, how are you?' [en]
2025-10-16 18:21:06,348 - INFO - Перевод: 'Меня зовут Алижан' -> 'My name is Alizhan' [en]
2025-10-16 18:22:01,465 - INFO - Бот остановлен.
2025-10-16 18:22:04,866 - INFO - Бот запущен.
2025-10-16 18:37:28,185 - INFO - Бот остановлен.
2025-10-16 18:37:31,559 - INFO - Бот запущен.
2025-10-16 18:40:45,494 - INFO - Бот остановлен.
2025-10-16 18:40:48,917 - INFO - Бот запущен.
2025-10-16 18:40:51,808 - INFO - Пользователь Inexis (ID: 7132674521) вызвал /start
2025-10-16 18:54:03,843 - INFO - Перевод: 'Привет, как твои дела?' -> 'Bonjour comment allez-vous?' [fr]
2025-10-16 19:08:41,133 - INFO - Пользователь Тедеши (ID: 6842797936) вызвал /start
2025-10-16 19:09:09,565 - INFO - Пользователь Тедеши (ID: 6842797936) вызвал /start
2025-10-16 19:10:19,254 - INFO - Перевод: 'привет спасибо за помощь' -> 'hi thanks for the help' [en]
2025-10-16 19:10:40,973 - INFO - Перевод: 'привет спасибо за помощь' -> 'ciao grazie per l'aiuto' [it]
2025-10-16 19:20:52,860 - INFO - Бот остановлен.
2025-10-16 19:20:56,321 - INFO - Бот запущен.
2025-10-16 19:27:52,530 - INFO - Бот остановлен.
2025-10-16 19:27:55,942 - INFO - Бот запущен.
2025-10-16 19:28:06,183 - INFO - Перевод Привет, как дела? -> Hi, how are you? [en]
2025-10-16 19:31:33,919 - INFO - Перевод Я сплю либо занят, отвечу как освобо -> I'm sleeping or busy, I'll answer when I'm free [en]
2025-10-16 19:40:45,724 - INFO - Перевод Как дела? -> How are you? [en]
2025-10-16 20:04:32,039 - INFO - Бот остановлен.
2025-10-16 20:04:35,537 - INFO - Бот запущен.
2025-10-16 20:04:46,397 - INFO - Пользователь Inexis (ID: 7132674521) вызвал /start
2025-10-16 20:08:54,455 - INFO - Перевод Привет, как жизнь? -> Hola, ¿cómo va la vida? [es]
2025-10-16 20:21:16,499 - INFO - Бот остановлен.
2025-10-16 20:21:19,969 - INFO - Бот запущен.
2025-10-16 20:22:24,956 - INFO - Перевод: 'привет' -> 'Hello' [en]
2025-10-16 20:24:21,881 - INFO - Перевод: 'привет как дела' -> 'Salut comment vas-tu' [fr]
2025-10-16 20:42:21,201 - INFO - Пользователь Inexis (ID: 7132674521) вызвал /start
2025-10-16 20:50:00,038 - INFO - Бот остановлен.
2025-10-16 20:50:03,684 - INFO - Бот запущен.
2025-10-16 20:55:32,827 - INFO - Пользователь sanzhorkaqw (ID: 7191831551) вызвал /start
2025-10-16 21:02:05,912 - INFO - Бот остановлен.
2025-10-16 21:02:09,589 - INFO - Бот запущен.
2025-10-16 21:02:18,917 - INFO - Автоперевод: 'Привет' -> 'Hello' [en]
2025-10-16 21:02:33,061 - INFO - Автоперевод: 'Привет' -> 'Hello' [en]
2025-10-16 21:02:44,787 - INFO - Бот остановлен.
2025-10-16 21:02:48,304 - INFO - Бот запущен.
2025-10-16 21:02:54,207 - INFO - Перевод Привет -> Bonjour [fr]
2025-10-16 21:03:58,930 - INFO - Перевод Слава Гитлеру -> Ehre sei Hitler [de]
2025-10-16 21:04:18,375 - INFO - Перевод Бавария самый лучший клуб -> El Bayern es el mejor club. [es]
2025-10-16 21:04:37,316 - INFO - Перевод Саню ебут 10 негров -> Sanya se fait baiser par 10 blacks [fr]
2025-10-16 21:07:33,373 - INFO - Перевод 1488 -> 1488 [fr]
2025-10-16 21:07:57,108 - INFO - Перевод 67 -> 67 [en]
2025-10-16 21:08:03,851 - INFO - Перевод Шесть семь -> Six seven [en]
2025-10-16 21:08:19,239 - INFO - Перевод Алижан крутой -> Alizhan is cool [en]
2025-10-16 21:08:57,740 - INFO - Перевод Асаншукур Алижан -> Asanshukur Alizhan [en]
2025-10-16 21:09:23,646 - INFO - Бот остановлен.
2025-10-16 21:09:27,245 - INFO - Бот запущен.
2025-10-16 21:10:16,073 - INFO - Бот остановлен.
2025-10-16 21:10:19,501 - INFO - Бот запущен.
2025-10-16 21:12:46,500 - INFO - Пользователь Inexis (ID: 7132674521) вызвал /start
2025-10-16 21:13:04,151 - INFO - Перевод /Санякидок? -> /Sledding? [en]
2025-10-16 21:13:10,132 - INFO - Перевод /Sledding -> /Sledding [en]
2025-10-16 21:13:26,650 - INFO - Перевод /санякидок -> / sleigh thrower [en]
2025-10-16 21:13:49,611 - INFO - Перевод /Сколько хуев в жопе? -> /Wie viele Schwänze stecken in deinem Arsch? [de]
2025-10-16 21:13:54,168 - INFO - Перевод /Wie -> /Wie [de]
2025-10-16 23:03:40,520 - INFO - Пользователь Inexis (ID: 7132674521) вызвал /start
2025-10-16 23:03:43,350 - INFO - Перевод /Wie Саня кидок? -> /Wie Sanya werfen? [de]
2025-10-17 09:11:58,098 - INFO - Бот остановлен.
2025-10-17 09:12:04,931 - INFO - Бот запущен.
2025-10-17 09:16:37,661 - INFO - Бот остановлен.
2025-10-17 09:16:44,088 - INFO - Бот запущен.
2025-10-17 09:16:55,909 - INFO - Перевод: 'Доброе утро' -> 'Good morning' [en]
2025-10-17 09:17:15,238 - INFO - Перевод: 'С днём рождения!' -> 'Happy birthday!' [en]
2025-10-17 09:32:51,621 - INFO - Бот остановлен.
2025-10-17 09:32:58,129 - INFO - Бот запущен.
2025-10-17 09:33:02,204 - INFO - Пользователь Inexis (ID: 7132674521) вызвал /start
2025-10-17 09:35:32,094 - INFO - Бот остановлен.
2025-10-17 09:35:38,603 - INFO - Бот запущен.
2025-10-17 09:37:20,597 - INFO - Бот остановлен.
2025-10-17 09:37:26,977 - INFO - Бот запущен.
2025-10-17 09:59:30,195 - INFO - Перевод Привет -> Hola [es]
2025-10-17 10:03:28,561 - INFO - Перевод: 'профессия' -> 'profession' [en]
2025-10-17 10:06:05,026 - INFO - Пользователь sanzhorkaqw (ID: 7191831551) вызвал /start
2025-10-17 10:24:58,579 - INFO - Перевод Пр -> Pr [de]
2025-10-17 10:25:02,865 - INFO - Перевод Привет -> Hallo [de]
2025-10-17 10:26:47,567 - INFO - Пользователь Inexis (ID: 7132674521) вызвал /start
2025-10-17 10:26:52,765 - INFO - Перевод /hello -> /Hallo [de]
2025-10-17 10:43:05,101 - INFO - Перевод Аят хороший ученик, который ничего не сделал по ПМ1 -> Ayat is a good student who did nothing according to PM1 [en]
2025-10-17 11:59:10,226 - INFO - Пользователь Inexis (ID: 7132674521) вызвал /start
2025-10-17 11:59:12,191 - INFO - Перевод: 'Аят кушай говно' -> 'Ayat eat shit' [en]
2025-10-17 12:00:34,860 - INFO - Пользователь ... (ID: 6037866365) вызвал /start
2025-10-17 12:01:02,006 - INFO - Перевод: 'салам' -> 'Hello' [en]
2025-10-17 12:07:42,515 - INFO - Перевод Аят проигрывает в клеш рояле императору алижану -> Ayat loses to Emperor Alizhan in bell royale [en]
2025-10-17 12:07:59,118 - INFO - Перевод: 'Аят проигрывает в клеш рояле императору алижану' -> 'Ayat loses to Emperor Alizhan in bell royale' [en]
2025-10-17 12:15:59,065 - INFO - Пользователь Inexis (ID: 7132674521) вызвал /start
2025-10-17 12:18:03,931 - INFO - Перевод Собака и телефон -> Chien et téléphone [fr]
2025-10-17 12:18:21,615 - INFO - Перевод: 'Аят ничего не сделал' -> 'Ayat didn't do anything' [en]
2025-10-17 12:20:02,912 - INFO - Пользователь Inexis (ID: 7132674521) вызвал /start
2025-10-17 12:20:14,067 - INFO - Перевод Привет -> Hello [en]
2025-10-17 12:20:57,067 - INFO - Перевод: 'Привет, я бот переводчик' -> 'Hello, I'm a translator bot' [en]
2025-10-19 16:13:23,605 - INFO - Бот остановлен.
2025-10-19 16:36:26,269 - INFO - Бот запущен.
2025-10-19 16:37:33,969 - INFO - Пользователь tedeshi🚩🕸️ (ID: 5031076485) вызвал /start
2025-10-19 16:38:00,181 - INFO - Пользователь ㅤ (ID: 6273987753) вызвал /start
2025-10-19 16:38:51,571 - INFO - Перевод: 'Привет, мир!' -> 'Hello World!' [en]
2025-10-19 16:39:38,305 - INFO - Перевод: 'Алижан молодец' -> 'Alizhan is great' [en]
2025-10-19 16:39:56,986 - INFO - Перевод: 'Алижан, ты молодец' -> 'Alizhan, you're great' [en]
2025-10-20 18:50:29,570 - INFO - Бот остановлен.
2025-10-26 19:00:52,220 - INFO - Бот запущен.
2025-10-26 19:00:53,289 - INFO - Пользователь Inexis (ID: 7132674521) вызвал /start
2025-10-26 19:02:26,685 - INFO - Бот остановлен.
2025-10-26 19:02:30,351 - INFO - Бот запущен.
2025-10-26 19:03:43,233 - INFO - Бот остановлен.
2025-10-26 19:03:46,816 - INFO - Бот запущен.
2025-10-26 19:03:52,422 - INFO - Перевод: 'Привет' -> 'Hello' [en]
2025-10-26 19:03:52,428 - WARNING - ⚠️ Медленный ответ: 1.69 сек при переводе пользователем 7132674521
2025-10-26 19:05:09,838 - INFO - Бот остановлен.
2025-10-29 18:15:08,243 - INFO - Бот запущен.
2025-10-29 18:15:48,197 - INFO - Бот остановлен.
2025-10-29 18:15:56,122 - INFO - Бот запущен.
2025-10-29 18:17:23,784 - INFO - Бот остановлен.
2025-10-29 18:17:39,813 - INFO - Бот запущен.
2025-10-29 18:18:38,997 - INFO - Бот остановлен.
2025-10-29 18:19:22,639 - INFO - Бот запущен.
2025-10-29 18:19:31,853 - INFO - Бот остановлен.
2025-10-29 18:19:57,079 - INFO - Бот запущен.
2025-10-29 18:22:38,842 - INFO - Бот остановлен.
2025-10-29 18:22:42,587 - INFO - Бот запущен.
2025-10-29 18:22:48,218 - INFO - Пользователь Inexis (ID: 7132674521) вызвал /start
2025-10-29 18:23:52,871 - INFO - Перевод: 'привет' -> 'Hello' [en]
2025-10-29 18:23:52,871 - WARNING - ⚠️ Медленный ответ: 1.01 сек при переводе пользователем 7132674521
2025-10-29 18:23:59,912 - INFO - Озвучен текст (перевода): Hello...
2025-10-29 18:24:40,815 - INFO - Перевод: 'Привет!' -> 'Hello!' [en]
2025-10-29 18:24:42,626 - INFO - Озвучен текст (перевода): Hello!...
2025-10-29 18:29:16,703 - INFO - Бот остановлен.
2025-10-29 18:32:07,477 - INFO - Бот запущен.
2025-10-29 18:32:19,985 - INFO - Перевод: 'привет как дела' -> 'Hi, how are you' [en]
2025-10-29 18:32:19,986 - WARNING - ⚠️ Медленный ответ: 1.20 сек при переводе пользователем 7132674521
2025-10-29 18:35:37,790 - INFO - Бот остановлен.
2025-10-29 18:45:33,854 - INFO - Бот запущен.
2025-10-29 18:51:19,427 - INFO - Бот остановлен.
2025-10-29 18:51:22,995 - INFO - Бот запущен.
2025-10-29 18:52:19,058 - INFO - Бот остановлен.
2025-10-29 18:52:22,562 - INFO - Бот запущен.
2025-10-29 18:52:27,782 - INFO - Пользователь Inexis (ID: 7132674521) вызвал /start
2025-10-29 19:05:00,576 - INFO - Бот остановлен.
2025-10-29 19:05:07,629 - INFO - Бот запущен.
2025-10-29 19:05:09,521 - INFO - Пользователь Inexis (ID: 7132674521) вызвал /start
2025-10-29 19:05:17,061 - INFO - Перевод: 'привет' -> 'Hello' [en]
2025-10-29 19:05:17,912 - WARNING - ⚠️ Медленный ответ: 1.83 сек при /translate пользователем 7132674521
2025-10-29 19:17:34,016 - INFO - Бот остановлен.
2025-10-29 19:21:20,191 - INFO - Бот запущен.
2025-10-29 21:19:25,388 - INFO - Бот остановлен.
2025-10-29 21:19:29,821 - INFO - Бот запущен.
